warning: bls-agg-native-script@0.1.0: bls-agg-native-program built at 2024-10-14 23:56:19
warning: unused import: `SP1ProofWithPublicValues`
 --> src/main.rs:5:29
  |
5 | use sp1_sdk::{ProverClient, SP1ProofWithPublicValues, SP1Stdin};
  |                             ^^^^^^^^^^^^^^^^^^^^^^^^
  |
  = note: `#[warn(unused_imports)]` on by default

warning: unused variable: `report`
  --> src/main.rs:43:26
   |
43 |         let (mut output, report) = client.execute(ELF, stdin).run().unwrap();
   |                          ^^^^^^ help: if this is intentional, prefix it with an underscore: `_report`
   |
   = note: `#[warn(unused_variables)]` on by default

warning: unused variable: `result`
  --> src/main.rs:45:13
   |
45 |         let result = output.read::<u32>();
   |             ^^^^^^ help: if this is intentional, prefix it with an underscore: `_result`

warning: `bls-agg-native-script` (bin "bls-agg-native-script") generated 3 warnings (run `cargo fix --bin "bls-agg-native-script"` to apply 1 suggestion)
    Finished `release` profile [optimized] target(s) in 1.72s
     Running `target/release/bls-agg-native-script --prove`
Input value: 16
[2m2024-10-15T06:57:49.269800Z[0m [32m INFO[0m Client circuit version: v2.0.0    
[2m2024-10-15T06:58:28.977012Z[0m [33m WARN[0m [1mnetwork_prover[0m: close [3mtime.busy[0m[2m=[0m9.83ms [3mtime.idle[0m[2m=[0m222µs
[2m2024-10-15T06:58:28.995224Z[0m [32m INFO[0m [1mexecute[0m: clk = 0 pc = 0x201744    
[2m2024-10-15T06:58:28.995770Z[0m [32m INFO[0m [1mexecute[0m: ┌╴execution    
[2m2024-10-15T06:58:33.111320Z[0m [32m INFO[0m [1mexecute[0m: clk = 10000000 pc = 0x2014ac    
[2m2024-10-15T06:58:37.317275Z[0m [32m INFO[0m [1mexecute[0m: clk = 20000000 pc = 0x201488    
[2m2024-10-15T06:58:43.757177Z[0m [32m INFO[0m [1mexecute[0m: clk = 30000000 pc = 0x201918    
[2m2024-10-15T06:58:48.447982Z[0m [32m INFO[0m [1mexecute[0m: clk = 40000000 pc = 0x2012e8    
stdout: aggregated_signature: Signature(G2Affine { x: 0x172435e799943e6686eb1815149f9031fea2af1b113478d6bc10a8c4a38fda35131da7c758b4ea494f04426363be3c24 + 0x193d5ce0ada4fc15ff0a3c956a9c4533cafa94b97b5ef2e413db284f31ee5068d599ad925ae213ede473a5f3a81dc00c*u, y: 0x1577e710108bb9967b91590117391ea3ae22bdcf0526a059af0c1745bffd8ddf1c33c2f69f69256a915372295eb0847d + 0x07eac623d3c1a73828d62d25bf0316cef4e5795ed249150ff62ca7ad60960d154949de64ffc45e4bb6cb4fd029be12d7*u, infinity: Choice(0) })
[2m2024-10-15T06:58:52.341730Z[0m [32m INFO[0m [1mexecute[0m: └╴47,191,941 cycles    
[2m2024-10-15T06:58:53.682460Z[0m [32m INFO[0m [1mexecute[0m: close [3mtime.busy[0m[2m=[0m24.7s [3mtime.idle[0m[2m=[0m257µs
[2m2024-10-15T06:58:53.683429Z[0m [32m INFO[0m Simulation complete, cycles: 47197326    
[2m2024-10-15T06:58:56.052573Z[0m [32m INFO[0m Created proofrequest_01ja7fhya6fmg952j0bw9d8sb6    
[2m2024-10-15T06:58:56.052652Z[0m [32m INFO[0m View in explorer: https://explorer.succinct.xyz/proofrequest_01ja7fhya6fmg952j0bw9d8sb6    
[2m2024-10-15T06:58:58.384586Z[0m [32m INFO[0m Proof request claimed, proving...    
[2m2024-10-15T07:06:59.440805Z[0m [32m INFO[0m Proof request fulfilled    
Proof Size: 260
[sp1] circuit artifacts already seem to exist at /Users/prudhvirampey/.sp1/circuits/v2.0.0. if you want to re-download them, delete the directory
thread 'main' panicked at /Users/prudhvirampey/.cargo/registry/src/index.crates.io-6f17d22bba15001f/sp1-recursion-gnark-ffi-2.0.0/src/groth16_bn254.rs:34:53:
called `Result::unwrap()` on an `Err` value: Os { code: 2, kind: NotFound, message: "No such file or directory" }
note: run with `RUST_BACKTRACE=1` environment variable to display a backtrace
